2014-06-19 23:48:48 6200 [Note] Plugin 'FEDERATED' is disabled.
2014-06-19 23:48:48 6200 [Note] InnoDB: The InnoDB memory heap is disabled
2014-06-19 23:48:48 6200 [Note] InnoDB: Mutexes and rw_locks use Windows interlocked functions
2014-06-19 23:48:48 6200 [Note] InnoDB: Compressed tables use zlib 1.2.3
2014-06-19 23:48:48 6200 [Note] InnoDB: Not using CPU crc32 instructions
2014-06-19 23:48:48 6200 [Note] InnoDB: Initializing buffer pool, size = 128.0M
2014-06-19 23:48:48 6200 [Note] InnoDB: Completed initialization of buffer pool
2014-06-19 23:48:48 6200 [Note] InnoDB: Highest supported file format is Barracuda.
2014-06-19 23:48:48 6200 [Note] InnoDB: The log sequence numbers 1625987 and 1625987 in ibdata files do not match the log sequence number 1625997 in the ib_logfiles!
2014-06-19 23:48:48 6200 [Note] InnoDB: Database was not shutdown normally!
2014-06-19 23:48:48 6200 [Note] InnoDB: Starting crash recovery.
2014-06-19 23:48:48 6200 [Note] InnoDB: Reading tablespace information from the .ibd files...
2014-06-19 23:48:48 6200 [Note] InnoDB: Restoring possible half-written data pages 
2014-06-19 23:48:48 6200 [Note] InnoDB: from the doublewrite buffer...
2014-06-19 23:48:48 6200 [Note] InnoDB: 128 rollback segment(s) are active.
2014-06-19 23:48:48 6200 [Note] InnoDB: Waiting for purge to start
2014-06-19 23:48:48 6200 [Note] InnoDB: 5.6.12 started; log sequence number 1625997
2014-06-19 23:48:49 6200 [ERROR] Aborting

2014-06-19 23:48:49 6200 [Note] Binlog end
2014-06-19 23:48:49 6200 [Note] Shutting down plugin 'partition'
2014-06-19 23:48:49 6200 [Note] Shutting down plugin 'PERFORMANCE_SCHEMA'
2014-06-19 23:48:49 6200 [Note] Shutting down plugin 'INNODB_SYS_DATAFILES'
2014-06-19 23:48:49 6200 [Note] Shutting down plugin 'INNODB_SYS_TABLESPACES'
2014-06-19 23:48:49 6200 [Note] Shutting down plugin 'INNODB_SYS_FOREIGN_COLS'
2014-06-19 23:48:49 6200 [Note] Shutting down plugin 'INNODB_SYS_FOREIGN'
2014-06-19 23:48:49 6200 [Note] Shutting down plugin 'INNODB_SYS_FIELDS'
2014-06-19 23:48:49 6200 [Note] Shutting down plugin 'INNODB_SYS_COLUMNS'
2014-06-19 23:48:49 6200 [Note] Shutting down plugin 'INNODB_SYS_INDEXES'
2014-06-19 23:48:49 6200 [Note] Shutting down plugin 'INNODB_SYS_TABLESTATS'
2014-06-19 23:48:49 6200 [Note] Shutting down plugin 'INNODB_SYS_TABLES'
2014-06-19 23:48:49 6200 [Note] Shutting down plugin 'INNODB_FT_INDEX_TABLE'
2014-06-19 23:48:49 6200 [Note] Shutting down plugin 'INNODB_FT_INDEX_CACHE'
2014-06-19 23:48:49 6200 [Note] Shutting down plugin 'INNODB_FT_CONFIG'
2014-06-19 23:48:49 6200 [Note] Shutting down plugin 'INNODB_FT_BEING_DELETED'
2014-06-19 23:48:49 6200 [Note] Shutting down plugin 'INNODB_FT_DELETED'
2014-06-19 23:48:49 6200 [Note] Shutting down plugin 'INNODB_FT_DEFAULT_STOPWORD'
2014-06-19 23:48:49 6200 [Note] Shutting down plugin 'INNODB_METRICS'
2014-06-19 23:48:49 6200 [Note] Shutting down plugin 'INNODB_BUFFER_POOL_STATS'
2014-06-19 23:48:49 6200 [Note] Shutting down plugin 'INNODB_BUFFER_PAGE_LRU'
2014-06-19 23:48:49 6200 [Note] Shutting down plugin 'INNODB_BUFFER_PAGE'
2014-06-19 23:48:49 6200 [Note] Shutting down plugin 'INNODB_CMP_PER_INDEX_RESET'
2014-06-19 23:48:49 6200 [Note] Shutting down plugin 'INNODB_CMP_PER_INDEX'
2014-06-19 23:48:49 6200 [Note] Shutting down plugin 'INNODB_CMPMEM_RESET'
2014-06-19 23:48:49 6200 [Note] Shutting down plugin 'INNODB_CMPMEM'
2014-06-19 23:48:49 6200 [Note] Shutting down plugin 'INNODB_CMP_RESET'
2014-06-19 23:48:49 6200 [Note] Shutting down plugin 'INNODB_CMP'
2014-06-19 23:48:49 6200 [Note] Shutting down plugin 'INNODB_LOCK_WAITS'
2014-06-19 23:48:49 6200 [Note] Shutting down plugin 'INNODB_LOCKS'
2014-06-19 23:48:49 6200 [Note] Shutting down plugin 'INNODB_TRX'
2014-06-19 23:48:49 6200 [Note] Shutting down plugin 'InnoDB'
2014-06-19 23:48:49 6200 [Note] InnoDB: FTS optimize thread exiting.
2014-06-19 23:48:49 6200 [Note] InnoDB: Starting shutdown...
2014-06-19 23:48:50 6200 [Note] InnoDB: Shutdown completed; log sequence number 1626007
2014-06-19 23:48:50 6200 [Note] Shutting down plugin 'BLACKHOLE'
2014-06-19 23:48:50 6200 [Note] Shutting down plugin 'ARCHIVE'
2014-06-19 23:48:50 6200 [Note] Shutting down plugin 'MRG_MYISAM'
2014-06-19 23:48:50 6200 [Note] Shutting down plugin 'MyISAM'
2014-06-19 23:48:50 6200 [Note] Shutting down plugin 'MEMORY'
2014-06-19 23:48:50 6200 [Note] Shutting down plugin 'CSV'
2014-06-19 23:48:50 6200 [Note] Shutting down plugin 'sha256_password'
2014-06-19 23:48:50 6200 [Note] Shutting down plugin 'mysql_old_password'
2014-06-19 23:48:50 6200 [Note] Shutting down plugin 'mysql_native_password'
2014-06-19 23:48:50 6200 [Note] Shutting down plugin 'binlog'
2014-06-19 23:48:50 6200 [Note] 
2014-06-19 23:49:24 7592 [Note] Plugin 'FEDERATED' is disabled.
2014-06-19 23:49:24 7592 [Note] InnoDB: The InnoDB memory heap is disabled
2014-06-19 23:49:24 7592 [Note] InnoDB: Mutexes and rw_locks use Windows interlocked functions
2014-06-19 23:49:24 7592 [Note] InnoDB: Compressed tables use zlib 1.2.3
2014-06-19 23:49:24 7592 [Note] InnoDB: Not using CPU crc32 instructions
2014-06-19 23:49:24 7592 [Note] InnoDB: Initializing buffer pool, size = 128.0M
2014-06-19 23:49:24 7592 [Note] InnoDB: Completed initialization of buffer pool
2014-06-19 23:49:24 7592 [Note] InnoDB: Highest supported file format is Barracuda.
2014-06-19 23:49:24 7592 [Note] InnoDB: 128 rollback segment(s) are active.
2014-06-19 23:49:24 7592 [Note] InnoDB: Waiting for purge to start
2014-06-19 23:49:24 7592 [Note] InnoDB: 5.6.12 started; log sequence number 1626007
2014-06-19 23:49:24 7592 [Note] Server hostname (bind-address): '*'; port: 3306
2014-06-19 23:49:24 7592 [Note] IPv6 is available.
2014-06-19 23:49:24 7592 [Note]   - '::' resolves to '::';
2014-06-19 23:49:24 7592 [Note] Server socket created on IP: '::'.
2014-06-19 23:49:25 7592 [Note] Event Scheduler: Loaded 0 events
2014-06-19 23:49:25 7592 [Note] mysqld: ready for connections.
Version: '5.6.12'  socket: ''  port: 3306  MySQL Community Server (GPL)
2014-06-19 23:50:25 11052 [Note] Plugin 'FEDERATED' is disabled.
2014-06-19 23:50:25 11052 [Note] InnoDB: The InnoDB memory heap is disabled
2014-06-19 23:50:25 11052 [Note] InnoDB: Mutexes and rw_locks use Windows interlocked functions
2014-06-19 23:50:25 11052 [Note] InnoDB: Compressed tables use zlib 1.2.3
2014-06-19 23:50:25 11052 [Note] InnoDB: Not using CPU crc32 instructions
2014-06-19 23:50:25 11052 [Note] InnoDB: Initializing buffer pool, size = 128.0M
2014-06-19 23:50:25 11052 [Note] InnoDB: Completed initialization of buffer pool
2014-06-19 23:50:25 11052 [Note] InnoDB: Highest supported file format is Barracuda.
2014-06-19 23:50:25 11052 [Note] InnoDB: The log sequence numbers 1626007 and 1626007 in ibdata files do not match the log sequence number 1626017 in the ib_logfiles!
2014-06-19 23:50:25 11052 [Note] InnoDB: Database was not shutdown normally!
2014-06-19 23:50:25 11052 [Note] InnoDB: Starting crash recovery.
2014-06-19 23:50:25 11052 [Note] InnoDB: Reading tablespace information from the .ibd files...
2014-06-19 23:50:25 11052 [Note] InnoDB: Restoring possible half-written data pages 
2014-06-19 23:50:25 11052 [Note] InnoDB: from the doublewrite buffer...
2014-06-19 23:50:26 11052 [Note] InnoDB: 128 rollback segment(s) are active.
2014-06-19 23:50:26 11052 [Note] InnoDB: Waiting for purge to start
2014-06-19 23:50:26 11052 [Note] InnoDB: 5.6.12 started; log sequence number 1626017
2014-06-19 23:50:26 11052 [Note] Server hostname (bind-address): '*'; port: 3306
2014-06-19 23:50:26 11052 [Note] IPv6 is available.
2014-06-19 23:50:26 11052 [Note]   - '::' resolves to '::';
2014-06-19 23:50:26 11052 [Note] Server socket created on IP: '::'.
2014-06-19 23:50:26 11052 [Note] Event Scheduler: Loaded 0 events
2014-06-19 23:50:26 11052 [Note] mysqld: ready for connections.
Version: '5.6.12'  socket: ''  port: 3306  MySQL Community Server (GPL)
2014-06-19 23:51:12 988 [Note] Plugin 'FEDERATED' is disabled.
2014-06-19 23:51:12 988 [Note] InnoDB: The InnoDB memory heap is disabled
2014-06-19 23:51:12 988 [Note] InnoDB: Mutexes and rw_locks use Windows interlocked functions
2014-06-19 23:51:12 988 [Note] InnoDB: Compressed tables use zlib 1.2.3
2014-06-19 23:51:12 988 [Note] InnoDB: Not using CPU crc32 instructions
2014-06-19 23:51:12 988 [Note] InnoDB: Initializing buffer pool, size = 128.0M
2014-06-19 23:51:12 988 [Note] InnoDB: Completed initialization of buffer pool
2014-06-19 23:51:12 988 [Note] InnoDB: Highest supported file format is Barracuda.
2014-06-19 23:51:12 988 [Note] InnoDB: The log sequence numbers 1626007 and 1626007 in ibdata files do not match the log sequence number 1626027 in the ib_logfiles!
2014-06-19 23:51:12 988 [Note] InnoDB: Database was not shutdown normally!
2014-06-19 23:51:12 988 [Note] InnoDB: Starting crash recovery.
2014-06-19 23:51:12 988 [Note] InnoDB: Reading tablespace information from the .ibd files...
2014-06-19 23:51:12 988 [Note] InnoDB: Restoring possible half-written data pages 
2014-06-19 23:51:12 988 [Note] InnoDB: from the doublewrite buffer...
2014-06-19 23:51:12 988 [Note] InnoDB: 128 rollback segment(s) are active.
2014-06-19 23:51:12 988 [Note] InnoDB: Waiting for purge to start
2014-06-19 23:51:12 988 [Note] InnoDB: 5.6.12 started; log sequence number 1626027
2014-06-19 23:51:12 988 [Note] Server hostname (bind-address): '*'; port: 3308
2014-06-19 23:51:12 988 [Note] IPv6 is available.
2014-06-19 23:51:12 988 [Note]   - '::' resolves to '::';
2014-06-19 23:51:12 988 [Note] Server socket created on IP: '::'.
2014-06-19 23:51:12 988 [Note] Event Scheduler: Loaded 0 events
2014-06-19 23:51:12 988 [Note] mysqld: ready for connections.
Version: '5.6.12'  socket: ''  port: 3308  MySQL Community Server (GPL)
2014-06-19 23:56:44 9028 [Note] Plugin 'FEDERATED' is disabled.
2014-06-19 23:56:44 9028 [Note] InnoDB: The InnoDB memory heap is disabled
2014-06-19 23:56:44 9028 [Note] InnoDB: Mutexes and rw_locks use Windows interlocked functions
2014-06-19 23:56:44 9028 [Note] InnoDB: Compressed tables use zlib 1.2.3
2014-06-19 23:56:44 9028 [Note] InnoDB: Not using CPU crc32 instructions
2014-06-19 23:56:44 9028 [Note] InnoDB: Initializing buffer pool, size = 128.0M
2014-06-19 23:56:44 9028 [Note] InnoDB: Completed initialization of buffer pool
2014-06-19 23:56:44 9028 [Note] InnoDB: Highest supported file format is Barracuda.
2014-06-19 23:56:44 9028 [Note] InnoDB: The log sequence numbers 1626007 and 1626007 in ibdata files do not match the log sequence number 1626037 in the ib_logfiles!
2014-06-19 23:56:44 9028 [Note] InnoDB: Database was not shutdown normally!
2014-06-19 23:56:44 9028 [Note] InnoDB: Starting crash recovery.
2014-06-19 23:56:44 9028 [Note] InnoDB: Reading tablespace information from the .ibd files...
2014-06-19 23:56:44 9028 [Note] InnoDB: Restoring possible half-written data pages 
2014-06-19 23:56:44 9028 [Note] InnoDB: from the doublewrite buffer...
2014-06-19 23:56:44 9028 [Note] InnoDB: 128 rollback segment(s) are active.
2014-06-19 23:56:44 9028 [Note] InnoDB: Waiting for purge to start
2014-06-19 23:56:44 9028 [Note] InnoDB: 5.6.12 started; log sequence number 1626037
2014-06-19 23:56:44 9028 [Note] Server hostname (bind-address): '*'; port: 3308
2014-06-19 23:56:44 9028 [Note] IPv6 is available.
2014-06-19 23:56:44 9028 [Note]   - '::' resolves to '::';
2014-06-19 23:56:44 9028 [Note] Server socket created on IP: '::'.
2014-06-19 23:56:44 9028 [Note] Event Scheduler: Loaded 0 events
2014-06-19 23:56:44 9028 [Note] mysqld: ready for connections.
Version: '5.6.12'  socket: ''  port: 3308  MySQL Community Server (GPL)
2014-06-19 23:58:39 7712 [Note] Plugin 'FEDERATED' is disabled.
2014-06-19 23:58:39 7712 [Note] InnoDB: The InnoDB memory heap is disabled
2014-06-19 23:58:39 7712 [Note] InnoDB: Mutexes and rw_locks use Windows interlocked functions
2014-06-19 23:58:39 7712 [Note] InnoDB: Compressed tables use zlib 1.2.3
2014-06-19 23:58:39 7712 [Note] InnoDB: Not using CPU crc32 instructions
2014-06-19 23:58:39 7712 [Note] InnoDB: Initializing buffer pool, size = 128.0M
2014-06-19 23:58:39 7712 [Note] InnoDB: Completed initialization of buffer pool
2014-06-19 23:58:39 7712 [Note] InnoDB: Highest supported file format is Barracuda.
2014-06-19 23:58:39 7712 [Note] InnoDB: The log sequence numbers 1626007 and 1626007 in ibdata files do not match the log sequence number 1626047 in the ib_logfiles!
2014-06-19 23:58:39 7712 [Note] InnoDB: Database was not shutdown normally!
2014-06-19 23:58:39 7712 [Note] InnoDB: Starting crash recovery.
2014-06-19 23:58:39 7712 [Note] InnoDB: Reading tablespace information from the .ibd files...
2014-06-19 23:58:39 7712 [Note] InnoDB: Restoring possible half-written data pages 
2014-06-19 23:58:39 7712 [Note] InnoDB: from the doublewrite buffer...
2014-06-19 23:58:39 7712 [Note] InnoDB: 128 rollback segment(s) are active.
2014-06-19 23:58:39 7712 [Note] InnoDB: Waiting for purge to start
2014-06-19 23:58:39 7712 [Note] InnoDB: 5.6.12 started; log sequence number 1626047
2014-06-19 23:58:39 7712 [Note] Server hostname (bind-address): '*'; port: 3308
2014-06-19 23:58:39 7712 [Note] IPv6 is available.
2014-06-19 23:58:39 7712 [Note]   - '::' resolves to '::';
2014-06-19 23:58:39 7712 [Note] Server socket created on IP: '::'.
2014-06-19 23:58:39 7712 [Note] Event Scheduler: Loaded 0 events
2014-06-19 23:58:39 7712 [Note] mysqld: ready for connections.
Version: '5.6.12'  socket: ''  port: 3308  MySQL Community Server (GPL)
2014-06-19 23:59:26 4452 [Note] Plugin 'FEDERATED' is disabled.
2014-06-19 23:59:26 4452 [Note] InnoDB: The InnoDB memory heap is disabled
2014-06-19 23:59:26 4452 [Note] InnoDB: Mutexes and rw_locks use Windows interlocked functions
2014-06-19 23:59:26 4452 [Note] InnoDB: Compressed tables use zlib 1.2.3
2014-06-19 23:59:26 4452 [Note] InnoDB: Not using CPU crc32 instructions
2014-06-19 23:59:26 4452 [Note] InnoDB: Initializing buffer pool, size = 128.0M
2014-06-19 23:59:26 4452 [Note] InnoDB: Completed initialization of buffer pool
2014-06-19 23:59:26 4452 [ERROR] InnoDB: .\ibdata1 can't be opened in read-write mode
2014-06-19 23:59:26 4452 [ERROR] InnoDB: The system tablespace must be writable!
2014-06-19 23:59:26 4452 [ERROR] Plugin 'InnoDB' init function returned error.
2014-06-19 23:59:26 4452 [ERROR] Plugin 'InnoDB' registration as a STORAGE ENGINE failed.
mysqld: Too many arguments (first extra is 'stop').
Use --verbose --help to get a list of available options
2014-06-19 23:59:26 4452 [ERROR] Aborting

2014-06-19 23:59:26 4452 [Note] Binlog end
2014-06-19 23:59:26 4452 [Note] Shutting down plugin 'partition'
2014-06-19 23:59:26 4452 [Note] Shutting down plugin 'PERFORMANCE_SCHEMA'
2014-06-19 23:59:26 4452 [Note] Shutting down plugin 'INNODB_SYS_DATAFILES'
2014-06-19 23:59:26 4452 [Note] Shutting down plugin 'INNODB_SYS_TABLESPACES'
2014-06-19 23:59:26 4452 [Note] Shutting down plugin 'INNODB_SYS_FOREIGN_COLS'
2014-06-19 23:59:26 4452 [Note] Shutting down plugin 'INNODB_SYS_FOREIGN'
2014-06-19 23:59:26 4452 [Note] Shutting down plugin 'INNODB_SYS_FIELDS'
2014-06-19 23:59:26 4452 [Note] Shutting down plugin 'INNODB_SYS_COLUMNS'
2014-06-19 23:59:26 4452 [Note] Shutting down plugin 'INNODB_SYS_INDEXES'
2014-06-19 23:59:26 4452 [Note] Shutting down plugin 'INNODB_SYS_TABLESTATS'
2014-06-19 23:59:26 4452 [Note] Shutting down plugin 'INNODB_SYS_TABLES'
2014-06-19 23:59:26 4452 [Note] Shutting down plugin 'INNODB_FT_INDEX_TABLE'
2014-06-19 23:59:26 4452 [Note] Shutting down plugin 'INNODB_FT_INDEX_CACHE'
2014-06-19 23:59:26 4452 [Note] Shutting down plugin 'INNODB_FT_CONFIG'
2014-06-19 23:59:26 4452 [Note] Shutting down plugin 'INNODB_FT_BEING_DELETED'
2014-06-19 23:59:26 4452 [Note] Shutting down plugin 'INNODB_FT_DELETED'
2014-06-19 23:59:26 4452 [Note] Shutting down plugin 'INNODB_FT_DEFAULT_STOPWORD'
2014-06-19 23:59:26 4452 [Note] Shutting down plugin 'INNODB_METRICS'
2014-06-19 23:59:26 4452 [Note] Shutting down plugin 'INNODB_BUFFER_POOL_STATS'
2014-06-19 23:59:26 4452 [Note] Shutting down plugin 'INNODB_BUFFER_PAGE_LRU'
2014-06-19 23:59:26 4452 [Note] Shutting down plugin 'INNODB_BUFFER_PAGE'
2014-06-19 23:59:26 4452 [Note] Shutting down plugin 'INNODB_CMP_PER_INDEX_RESET'
2014-06-19 23:59:26 4452 [Note] Shutting down plugin 'INNODB_CMP_PER_INDEX'
2014-06-19 23:59:26 4452 [Note] Shutting down plugin 'INNODB_CMPMEM_RESET'
2014-06-19 23:59:26 4452 [Note] Shutting down plugin 'INNODB_CMPMEM'
2014-06-19 23:59:26 4452 [Note] Shutting down plugin 'INNODB_CMP_RESET'
2014-06-19 23:59:26 4452 [Note] Shutting down plugin 'INNODB_CMP'
2014-06-19 23:59:26 4452 [Note] Shutting down plugin 'INNODB_LOCK_WAITS'
2014-06-19 23:59:26 4452 [Note] Shutting down plugin 'INNODB_LOCKS'
2014-06-19 23:59:26 4452 [Note] Shutting down plugin 'INNODB_TRX'
2014-06-19 23:59:26 4452 [Note] Shutting down plugin 'BLACKHOLE'
2014-06-19 23:59:26 4452 [Note] Shutting down plugin 'ARCHIVE'
2014-06-19 23:59:26 4452 [Note] Shutting down plugin 'MRG_MYISAM'
2014-06-19 23:59:26 4452 [Note] Shutting down plugin 'MyISAM'
2014-06-19 23:59:26 4452 [Note] Shutting down plugin 'MEMORY'
2014-06-19 23:59:26 4452 [Note] Shutting down plugin 'CSV'
2014-06-19 23:59:26 4452 [Note] Shutting down plugin 'sha256_password'
2014-06-19 23:59:26 4452 [Note] Shutting down plugin 'mysql_old_password'
2014-06-19 23:59:26 4452 [Note] Shutting down plugin 'mysql_native_password'
2014-06-19 23:59:26 4452 [Note] Shutting down plugin 'binlog'
2014-06-19 23:59:26 4452 [Note] mysqld: Shutdown complete

2014-06-20 00:00:26 7712 [Note] mysqld: Normal shutdown

2014-06-20 00:00:26 7712 [Note] Giving 0 client threads a chance to die gracefully
2014-06-20 00:00:26 7712 [Note] Event Scheduler: Purging the queue. 0 events
2014-06-20 00:00:26 7712 [Note] Shutting down slave threads
2014-06-20 00:00:26 7712 [Note] Forcefully disconnecting 0 remaining clients
2014-06-20 00:00:26 7712 [Note] Binlog end
2014-06-20 00:00:26 7712 [Note] Shutting down plugin 'partition'
2014-06-20 00:00:26 7712 [Note] Shutting down plugin 'PERFORMANCE_SCHEMA'
2014-06-20 00:00:26 7712 [Note] Shutting down plugin 'INNODB_SYS_DATAFILES'
2014-06-20 00:00:26 7712 [Note] Shutting down plugin 'INNODB_SYS_TABLESPACES'
2014-06-20 00:00:26 7712 [Note] Shutting down plugin 'INNODB_SYS_FOREIGN_COLS'
2014-06-20 00:00:26 7712 [Note] Shutting down plugin 'INNODB_SYS_FOREIGN'
2014-06-20 00:00:26 7712 [Note] Shutting down plugin 'INNODB_SYS_FIELDS'
2014-06-20 00:00:26 7712 [Note] Shutting down plugin 'INNODB_SYS_COLUMNS'
2014-06-20 00:00:26 7712 [Note] Shutting down plugin 'INNODB_SYS_INDEXES'
2014-06-20 00:00:26 7712 [Note] Shutting down plugin 'INNODB_SYS_TABLESTATS'
2014-06-20 00:00:26 7712 [Note] Shutting down plugin 'INNODB_SYS_TABLES'
2014-06-20 00:00:26 7712 [Note] Shutting down plugin 'INNODB_FT_INDEX_TABLE'
2014-06-20 00:00:26 7712 [Note] Shutting down plugin 'INNODB_FT_INDEX_CACHE'
2014-06-20 00:00:26 7712 [Note] Shutting down plugin 'INNODB_FT_CONFIG'
2014-06-20 00:00:26 7712 [Note] Shutting down plugin 'INNODB_FT_BEING_DELETED'
2014-06-20 00:00:26 7712 [Note] Shutting down plugin 'INNODB_FT_DELETED'
2014-06-20 00:00:26 7712 [Note] Shutting down plugin 'INNODB_FT_DEFAULT_STOPWORD'
2014-06-20 00:00:26 7712 [Note] Shutting down plugin 'INNODB_METRICS'
2014-06-20 00:00:26 7712 [Note] Shutting down plugin 'INNODB_BUFFER_POOL_STATS'
2014-06-20 00:00:26 7712 [Note] Shutting down plugin 'INNODB_BUFFER_PAGE_LRU'
2014-06-20 00:00:26 7712 [Note] Shutting down plugin 'INNODB_BUFFER_PAGE'
2014-06-20 00:00:26 7712 [Note] Shutting down plugin 'INNODB_CMP_PER_INDEX_RESET'
2014-06-20 00:00:26 7712 [Note] Shutting down plugin 'INNODB_CMP_PER_INDEX'
2014-06-20 00:00:26 7712 [Note] Shutting down plugin 'INNODB_CMPMEM_RESET'
2014-06-20 00:00:26 7712 [Note] Shutting down plugin 'INNODB_CMPMEM'
2014-06-20 00:00:26 7712 [Note] Shutting down plugin 'INNODB_CMP_RESET'
2014-06-20 00:00:26 7712 [Note] Shutting down plugin 'INNODB_CMP'
2014-06-20 00:00:26 7712 [Note] Shutting down plugin 'INNODB_LOCK_WAITS'
2014-06-20 00:00:26 7712 [Note] Shutting down plugin 'INNODB_LOCKS'
2014-06-20 00:00:26 7712 [Note] Shutting down plugin 'INNODB_TRX'
2014-06-20 00:00:26 7712 [Note] Shutting down plugin 'InnoDB'
2014-06-20 00:00:26 7712 [Note] InnoDB: FTS optimize thread exiting.
2014-06-20 00:00:26 7712 [Note] InnoDB: Starting shutdown...
2014-06-20 00:00:27 7712 [Note] InnoDB: Shutdown completed; log sequence number 1626057
2014-06-20 00:00:28 7712 [Note] Shutting down plugin 'BLACKHOLE'
2014-06-20 00:00:28 7712 [Note] Shutting down plugin 'ARCHIVE'
2014-06-20 00:00:28 7712 [Note] Shutting down plugin 'MRG_MYISAM'
2014-06-20 00:00:28 7712 [Note] Shutting down plugin 'MyISAM'
2014-06-20 00:00:28 7712 [Note] Shutting down plugin 'MEMORY'
2014-06-20 00:00:28 7712 [Note] Shutting down plugin 'CSV'
2014-06-20 00:00:28 7712 [Note] Shutting down plugin 'sha256_password'
2014-06-20 00:00:28 7712 [Note] Shutting down plugin 'mysql_old_password'
2014-06-20 00:00:28 7712 [Note] Shutting down plugin 'mysql_native_password'
2014-06-20 00:00:28 7712 [Note] Shutting down plugin 'binlog'
2014-06-20 00:00:28 7712 [Note] mysqld: Shutdown complete

2014-06-20 00:00:52 3260 [Note] Plugin 'FEDERATED' is disabled.
2014-06-20 00:00:52 3260 [Note] InnoDB: The InnoDB memory heap is disabled
2014-06-20 00:00:52 3260 [Note] InnoDB: Mutexes and rw_locks use Windows interlocked functions
2014-06-20 00:00:52 3260 [Note] InnoDB: Compressed tables use zlib 1.2.3
2014-06-20 00:00:52 3260 [Note] InnoDB: Not using CPU crc32 instructions
2014-06-20 00:00:52 3260 [Note] InnoDB: Initializing buffer pool, size = 128.0M
2014-06-20 00:00:52 3260 [Note] InnoDB: Completed initialization of buffer pool
2014-06-20 00:00:52 3260 [Note] InnoDB: Highest supported file format is Barracuda.
2014-06-20 00:00:52 3260 [Note] InnoDB: 128 rollback segment(s) are active.
2014-06-20 00:00:52 3260 [Note] InnoDB: Waiting for purge to start
2014-06-20 00:00:52 3260 [Note] InnoDB: 5.6.12 started; log sequence number 1626057
2014-06-20 00:00:52 3260 [Note] Server hostname (bind-address): '*'; port: 3308
2014-06-20 00:00:52 3260 [Note] IPv6 is available.
2014-06-20 00:00:52 3260 [Note]   - '::' resolves to '::';
2014-06-20 00:00:52 3260 [Note] Server socket created on IP: '::'.
2014-06-20 00:00:52 3260 [Note] Event Scheduler: Loaded 0 events
2014-06-20 00:00:52 3260 [Note] D:\mysql\bin\mysqld.exe: ready for connections.
Version: '5.6.12'  socket: ''  port: 3308  MySQL Community Server (GPL)
2014-06-20 00:01:05 3260 [Note] D:\mysql\bin\mysqld.exe: Normal shutdown

2014-06-20 00:01:05 3260 [Note] Giving 0 client threads a chance to die gracefully
2014-06-20 00:01:05 3260 [Note] Event Scheduler: Purging the queue. 0 events
2014-06-20 00:01:05 3260 [Note] Shutting down slave threads
2014-06-20 00:01:05 3260 [Note] Forcefully disconnecting 0 remaining clients
2014-06-20 00:01:05 3260 [Note] Binlog end
2014-06-20 00:01:05 3260 [Note] Shutting down plugin 'partition'
2014-06-20 00:01:05 3260 [Note] Shutting down plugin 'PERFORMANCE_SCHEMA'
2014-06-20 00:01:05 3260 [Note] Shutting down plugin 'INNODB_SYS_DATAFILES'
2014-06-20 00:01:05 3260 [Note] Shutting down plugin 'INNODB_SYS_TABLESPACES'
2014-06-20 00:01:05 3260 [Note] Shutting down plugin 'INNODB_SYS_FOREIGN_COLS'
2014-06-20 00:01:05 3260 [Note] Shutting down plugin 'INNODB_SYS_FOREIGN'
2014-06-20 00:01:05 3260 [Note] Shutting down plugin 'INNODB_SYS_FIELDS'
2014-06-20 00:01:05 3260 [Note] Shutting down plugin 'INNODB_SYS_COLUMNS'
2014-06-20 00:01:05 3260 [Note] Shutting down plugin 'INNODB_SYS_INDEXES'
2014-06-20 00:01:05 3260 [Note] Shutting down plugin 'INNODB_SYS_TABLESTATS'
2014-06-20 00:01:05 3260 [Note] Shutting down plugin 'INNODB_SYS_TABLES'
2014-06-20 00:01:05 3260 [Note] Shutting down plugin 'INNODB_FT_INDEX_TABLE'
2014-06-20 00:01:05 3260 [Note] Shutting down plugin 'INNODB_FT_INDEX_CACHE'
2014-06-20 00:01:05 3260 [Note] Shutting down plugin 'INNODB_FT_CONFIG'
2014-06-20 00:01:05 3260 [Note] Shutting down plugin 'INNODB_FT_BEING_DELETED'
2014-06-20 00:01:05 3260 [Note] Shutting down plugin 'INNODB_FT_DELETED'
2014-06-20 00:01:05 3260 [Note] Shutting down plugin 'INNODB_FT_DEFAULT_STOPWORD'
2014-06-20 00:01:05 3260 [Note] Shutting down plugin 'INNODB_METRICS'
2014-06-20 00:01:05 3260 [Note] Shutting down plugin 'INNODB_BUFFER_POOL_STATS'
2014-06-20 00:01:05 3260 [Note] Shutting down plugin 'INNODB_BUFFER_PAGE_LRU'
2014-06-20 00:01:05 3260 [Note] Shutting down plugin 'INNODB_BUFFER_PAGE'
2014-06-20 00:01:05 3260 [Note] Shutting down plugin 'INNODB_CMP_PER_INDEX_RESET'
2014-06-20 00:01:05 3260 [Note] Shutting down plugin 'INNODB_CMP_PER_INDEX'
2014-06-20 00:01:05 3260 [Note] Shutting down plugin 'INNODB_CMPMEM_RESET'
2014-06-20 00:01:05 3260 [Note] Shutting down plugin 'INNODB_CMPMEM'
2014-06-20 00:01:05 3260 [Note] Shutting down plugin 'INNODB_CMP_RESET'
2014-06-20 00:01:05 3260 [Note] Shutting down plugin 'INNODB_CMP'
2014-06-20 00:01:05 3260 [Note] Shutting down plugin 'INNODB_LOCK_WAITS'
2014-06-20 00:01:05 3260 [Note] Shutting down plugin 'INNODB_LOCKS'
2014-06-20 00:01:05 3260 [Note] Shutting down plugin 'INNODB_TRX'
2014-06-20 00:01:05 3260 [Note] Shutting down plugin 'InnoDB'
2014-06-20 00:01:05 3260 [Note] InnoDB: FTS optimize thread exiting.
2014-06-20 00:01:05 3260 [Note] InnoDB: Starting shutdown...
2014-06-20 00:01:06 3260 [Note] InnoDB: Shutdown completed; log sequence number 1626067
2014-06-20 00:01:06 3260 [Note] Shutting down plugin 'BLACKHOLE'
2014-06-20 00:01:06 3260 [Note] Shutting down plugin 'ARCHIVE'
2014-06-20 00:01:06 3260 [Note] Shutting down plugin 'MRG_MYISAM'
2014-06-20 00:01:06 3260 [Note] Shutting down plugin 'MyISAM'
2014-06-20 00:01:06 3260 [Note] Shutting down plugin 'MEMORY'
2014-06-20 00:01:06 3260 [Note] Shutting down plugin 'CSV'
2014-06-20 00:01:06 3260 [Note] Shutting down plugin 'sha256_password'
2014-06-20 00:01:06 3260 [Note] Shutting down plugin 'mysql_old_password'
2014-06-20 00:01:06 3260 [Note] Shutting down plugin 'mysql_native_password'
2014-06-20 00:01:06 3260 [Note] Shutting down plugin 'binlog'
2014-06-20 00:01:06 3260 [Note] D:\mysql\bin\mysqld.exe: Shutdown complete

2014-06-20 00:05:00 8764 [Note] Plugin 'FEDERATED' is disabled.
2014-06-20 00:05:00 8764 [Note] InnoDB: The InnoDB memory heap is disabled
2014-06-20 00:05:00 8764 [Note] InnoDB: Mutexes and rw_locks use Windows interlocked functions
2014-06-20 00:05:00 8764 [Note] InnoDB: Compressed tables use zlib 1.2.3
2014-06-20 00:05:00 8764 [Note] InnoDB: Not using CPU crc32 instructions
2014-06-20 00:05:00 8764 [Note] InnoDB: Initializing buffer pool, size = 128.0M
2014-06-20 00:05:00 8764 [Note] InnoDB: Completed initialization of buffer pool
2014-06-20 00:05:00 8764 [Note] InnoDB: Highest supported file format is Barracuda.
2014-06-20 00:05:00 8764 [Note] InnoDB: 128 rollback segment(s) are active.
2014-06-20 00:05:00 8764 [Note] InnoDB: Waiting for purge to start
2014-06-20 00:05:00 8764 [Note] InnoDB: 5.6.12 started; log sequence number 1626067
2014-06-20 00:05:00 8764 [Note] Server hostname (bind-address): '*'; port: 3308
2014-06-20 00:05:00 8764 [Note] IPv6 is available.
2014-06-20 00:05:00 8764 [Note]   - '::' resolves to '::';
2014-06-20 00:05:00 8764 [Note] Server socket created on IP: '::'.
2014-06-20 00:05:01 8764 [Note] Event Scheduler: Loaded 0 events
2014-06-20 00:05:01 8764 [Note] D:\mysql\bin\mysqld.exe: ready for connections.
Version: '5.6.12'  socket: ''  port: 3308  MySQL Community Server (GPL)
2014-06-20 00:05:42 8632 [Note] Plugin 'FEDERATED' is disabled.
2014-06-20 00:05:42 8632 [Note] InnoDB: The InnoDB memory heap is disabled
2014-06-20 00:05:42 8632 [Note] InnoDB: Mutexes and rw_locks use Windows interlocked functions
2014-06-20 00:05:42 8632 [Note] InnoDB: Compressed tables use zlib 1.2.3
2014-06-20 00:05:42 8632 [Note] InnoDB: Not using CPU crc32 instructions
2014-06-20 00:05:42 8632 [Note] InnoDB: Initializing buffer pool, size = 128.0M
2014-06-20 00:05:42 8632 [Note] InnoDB: Completed initialization of buffer pool
2014-06-20 00:05:42 8632 [Note] InnoDB: Highest supported file format is Barracuda.
2014-06-20 00:05:43 8632 [Note] InnoDB: The log sequence numbers 1626067 and 1626067 in ibdata files do not match the log sequence number 1626077 in the ib_logfiles!
2014-06-20 00:05:43 8632 [Note] InnoDB: Database was not shutdown normally!
2014-06-20 00:05:43 8632 [Note] InnoDB: Starting crash recovery.
2014-06-20 00:05:43 8632 [Note] InnoDB: Reading tablespace information from the .ibd files...
2014-06-20 00:05:43 8632 [Note] InnoDB: Restoring possible half-written data pages 
2014-06-20 00:05:43 8632 [Note] InnoDB: from the doublewrite buffer...
2014-06-20 00:05:43 8632 [Note] InnoDB: 128 rollback segment(s) are active.
2014-06-20 00:05:43 8632 [Note] InnoDB: Waiting for purge to start
2014-06-20 00:05:43 8632 [Note] InnoDB: 5.6.12 started; log sequence number 1626077
2014-06-20 00:05:43 8632 [Note] Server hostname (bind-address): '*'; port: 3308
2014-06-20 00:05:43 8632 [Note] IPv6 is available.
2014-06-20 00:05:43 8632 [Note]   - '::' resolves to '::';
2014-06-20 00:05:43 8632 [Note] Server socket created on IP: '::'.
2014-06-20 00:05:43 8632 [Note] Event Scheduler: Loaded 0 events
2014-06-20 00:05:43 8632 [Note] D:\mysql\bin\mysqld.exe: ready for connections.
Version: '5.6.12'  socket: ''  port: 3308  MySQL Community Server (GPL)
2014-06-20 00:05:50 9700 [Note] Plugin 'FEDERATED' is disabled.
2014-06-20 00:05:50 9700 [Note] InnoDB: The InnoDB memory heap is disabled
2014-06-20 00:05:50 9700 [Note] InnoDB: Mutexes and rw_locks use Windows interlocked functions
2014-06-20 00:05:50 9700 [Note] InnoDB: Compressed tables use zlib 1.2.3
2014-06-20 00:05:50 9700 [Note] InnoDB: Not using CPU crc32 instructions
2014-06-20 00:05:50 9700 [Note] InnoDB: Initializing buffer pool, size = 128.0M
2014-06-20 00:05:50 9700 [Note] InnoDB: Completed initialization of buffer pool
2014-06-20 00:05:50 9700 [ERROR] InnoDB: .\ibdata1 can't be opened in read-write mode
2014-06-20 00:05:50 9700 [ERROR] InnoDB: The system tablespace must be writable!
2014-06-20 00:05:50 9700 [ERROR] Plugin 'InnoDB' init function returned error.
2014-06-20 00:05:50 9700 [ERROR] Plugin 'InnoDB' registration as a STORAGE ENGINE failed.
2014-06-20 00:05:50 9700 [ERROR] Unknown/unsupported storage engine: InnoDB
2014-06-20 00:05:50 9700 [ERROR] Aborting

2014-06-20 00:05:50 9700 [Note] Binlog end
2014-06-20 00:05:50 9700 [Note] Shutting down plugin 'partition'
2014-06-20 00:05:50 9700 [Note] Shutting down plugin 'PERFORMANCE_SCHEMA'
2014-06-20 00:05:50 9700 [Note] Shutting down plugin 'INNODB_SYS_DATAFILES'
2014-06-20 00:05:50 9700 [Note] Shutting down plugin 'INNODB_SYS_TABLESPACES'
2014-06-20 00:05:50 9700 [Note] Shutting down plugin 'INNODB_SYS_FOREIGN_COLS'
2014-06-20 00:05:50 9700 [Note] Shutting down plugin 'INNODB_SYS_FOREIGN'
2014-06-20 00:05:50 9700 [Note] Shutting down plugin 'INNODB_SYS_FIELDS'
2014-06-20 00:05:50 9700 [Note] Shutting down plugin 'INNODB_SYS_COLUMNS'
2014-06-20 00:05:50 9700 [Note] Shutting down plugin 'INNODB_SYS_INDEXES'
2014-06-20 00:05:50 9700 [Note] Shutting down plugin 'INNODB_SYS_TABLESTATS'
2014-06-20 00:05:50 9700 [Note] Shutting down plugin 'INNODB_SYS_TABLES'
2014-06-20 00:05:50 9700 [Note] Shutting down plugin 'INNODB_FT_INDEX_TABLE'
2014-06-20 00:05:50 9700 [Note] Shutting down plugin 'INNODB_FT_INDEX_CACHE'
2014-06-20 00:05:50 9700 [Note] Shutting down plugin 'INNODB_FT_CONFIG'
2014-06-20 00:05:50 9700 [Note] Shutting down plugin 'INNODB_FT_BEING_DELETED'
2014-06-20 00:05:50 9700 [Note] Shutting down plugin 'INNODB_FT_DELETED'
2014-06-20 00:05:50 9700 [Note] Shutting down plugin 'INNODB_FT_DEFAULT_STOPWORD'
2014-06-20 00:05:50 9700 [Note] Shutting down plugin 'INNODB_METRICS'
2014-06-20 00:05:50 9700 [Note] Shutting down plugin 'INNODB_BUFFER_POOL_STATS'
2014-06-20 00:05:50 9700 [Note] Shutting down plugin 'INNODB_BUFFER_PAGE_LRU'
2014-06-20 00:05:50 9700 [Note] Shutting down plugin 'INNODB_BUFFER_PAGE'
2014-06-20 00:05:50 9700 [Note] Shutting down plugin 'INNODB_CMP_PER_INDEX_RESET'
2014-06-20 00:05:50 9700 [Note] Shutting down plugin 'INNODB_CMP_PER_INDEX'
2014-06-20 00:05:50 9700 [Note] Shutting down plugin 'INNODB_CMPMEM_RESET'
2014-06-20 00:05:50 9700 [Note] Shutting down plugin 'INNODB_CMPMEM'
2014-06-20 00:05:50 9700 [Note] Shutting down plugin 'INNODB_CMP_RESET'
2014-06-20 00:05:50 9700 [Note] Shutting down plugin 'INNODB_CMP'
2014-06-20 00:05:50 9700 [Note] Shutting down plugin 'INNODB_LOCK_WAITS'
2014-06-20 00:05:50 9700 [Note] Shutting down plugin 'INNODB_LOCKS'
2014-06-20 00:05:50 9700 [Note] Shutting down plugin 'INNODB_TRX'
2014-06-20 00:05:50 9700 [Note] Shutting down plugin 'BLACKHOLE'
2014-06-20 00:05:50 9700 [Note] Shutting down plugin 'ARCHIVE'
2014-06-20 00:05:50 9700 [Note] Shutting down plugin 'MRG_MYISAM'
2014-06-20 00:05:50 9700 [Note] Shutting down plugin 'MyISAM'
2014-06-20 00:05:50 9700 [Note] Shutting down plugin 'MEMORY'
2014-06-20 00:05:50 9700 [Note] Shutting down plugin 'CSV'
2014-06-20 00:05:50 9700 [Note] Shutting down plugin 'sha256_password'
2014-06-20 00:05:50 9700 [Note] Shutting down plugin 'mysql_old_password'
2014-06-20 00:05:50 9700 [Note] Shutting down plugin 'mysql_native_password'
2014-06-20 00:05:50 9700 [Note] Shutting down plugin 'binlog'
2014-06-20 00:05:50 9700 [Note] D:\mysql\bin\mysqld.exe: Shutdown complete

2014-06-20 00:06:04 4324 [Note] Plugin 'FEDERATED' is disabled.
2014-06-20 00:06:04 4324 [Note] InnoDB: The InnoDB memory heap is disabled
2014-06-20 00:06:04 4324 [Note] InnoDB: Mutexes and rw_locks use Windows interlocked functions
2014-06-20 00:06:04 4324 [Note] InnoDB: Compressed tables use zlib 1.2.3
2014-06-20 00:06:04 4324 [Note] InnoDB: Not using CPU crc32 instructions
2014-06-20 00:06:04 4324 [Note] InnoDB: Initializing buffer pool, size = 128.0M
2014-06-20 00:06:04 4324 [Note] InnoDB: Completed initialization of buffer pool
2014-06-20 00:06:04 4324 [ERROR] InnoDB: .\ibdata1 can't be opened in read-write mode
2014-06-20 00:06:04 4324 [ERROR] InnoDB: The system tablespace must be writable!
2014-06-20 00:06:04 4324 [ERROR] Plugin 'InnoDB' init function returned error.
2014-06-20 00:06:04 4324 [ERROR] Plugin 'InnoDB' registration as a STORAGE ENGINE failed.
2014-06-20 00:06:04 4324 [ERROR] Unknown/unsupported storage engine: InnoDB
2014-06-20 00:06:04 4324 [ERROR] Aborting

2014-06-20 00:06:04 4324 [Note] Binlog end
2014-06-20 00:06:04 4324 [Note] Shutting down plugin 'partition'
2014-06-20 00:06:04 4324 [Note] Shutting down plugin 'PERFORMANCE_SCHEMA'
2014-06-20 00:06:04 4324 [Note] Shutting down plugin 'INNODB_SYS_DATAFILES'
2014-06-20 00:06:04 4324 [Note] Shutting down plugin 'INNODB_SYS_TABLESPACES'
2014-06-20 00:06:04 4324 [Note] Shutting down plugin 'INNODB_SYS_FOREIGN_COLS'
2014-06-20 00:06:04 4324 [Note] Shutting down plugin 'INNODB_SYS_FOREIGN'
2014-06-20 00:06:04 4324 [Note] Shutting down plugin 'INNODB_SYS_FIELDS'
2014-06-20 00:06:04 4324 [Note] Shutting down plugin 'INNODB_SYS_COLUMNS'
2014-06-20 00:06:04 4324 [Note] Shutting down plugin 'INNODB_SYS_INDEXES'
2014-06-20 00:06:04 4324 [Note] Shutting down plugin 'INNODB_SYS_TABLESTATS'
2014-06-20 00:06:04 4324 [Note] Shutting down plugin 'INNODB_SYS_TABLES'
2014-06-20 00:06:04 4324 [Note] Shutting down plugin 'INNODB_FT_INDEX_TABLE'
2014-06-20 00:06:04 4324 [Note] Shutting down plugin 'INNODB_FT_INDEX_CACHE'
2014-06-20 00:06:04 4324 [Note] Shutting down plugin 'INNODB_FT_CONFIG'
2014-06-20 00:06:04 4324 [Note] Shutting down plugin 'INNODB_FT_BEING_DELETED'
2014-06-20 00:06:04 4324 [Note] Shutting down plugin 'INNODB_FT_DELETED'
2014-06-20 00:06:04 4324 [Note] Shutting down plugin 'INNODB_FT_DEFAULT_STOPWORD'
2014-06-20 00:06:04 4324 [Note] Shutting down plugin 'INNODB_METRICS'
2014-06-20 00:06:04 4324 [Note] Shutting down plugin 'INNODB_BUFFER_POOL_STATS'
2014-06-20 00:06:04 4324 [Note] Shutting down plugin 'INNODB_BUFFER_PAGE_LRU'
2014-06-20 00:06:04 4324 [Note] Shutting down plugin 'INNODB_BUFFER_PAGE'
2014-06-20 00:06:04 4324 [Note] Shutting down plugin 'INNODB_CMP_PER_INDEX_RESET'
2014-06-20 00:06:04 4324 [Note] Shutting down plugin 'INNODB_CMP_PER_INDEX'
2014-06-20 00:06:04 4324 [Note] Shutting down plugin 'INNODB_CMPMEM_RESET'
2014-06-20 00:06:04 4324 [Note] Shutting down plugin 'INNODB_CMPMEM'
2014-06-20 00:06:04 4324 [Note] Shutting down plugin 'INNODB_CMP_RESET'
2014-06-20 00:06:04 4324 [Note] Shutting down plugin 'INNODB_CMP'
2014-06-20 00:06:04 4324 [Note] Shutting down plugin 'INNODB_LOCK_WAITS'
2014-06-20 00:06:04 4324 [Note] Shutting down plugin 'INNODB_LOCKS'
2014-06-20 00:06:04 4324 [Note] Shutting down plugin 'INNODB_TRX'
2014-06-20 00:06:04 4324 [Note] Shutting down plugin 'BLACKHOLE'
2014-06-20 00:06:04 4324 [Note] Shutting down plugin 'ARCHIVE'
2014-06-20 00:06:04 4324 [Note] Shutting down plugin 'MRG_MYISAM'
2014-06-20 00:06:04 4324 [Note] Shutting down plugin 'MyISAM'
2014-06-20 00:06:04 4324 [Note] Shutting down plugin 'MEMORY'
2014-06-20 00:06:04 4324 [Note] Shutting down plugin 'CSV'
2014-06-20 00:06:04 4324 [Note] Shutting down plugin 'sha256_password'
2014-06-20 00:06:04 4324 [Note] Shutting down plugin 'mysql_old_password'
2014-06-20 00:06:04 4324 [Note] Shutting down plugin 'mysql_native_password'
2014-06-20 00:06:04 4324 [Note] Shutting down plugin 'binlog'
2014-06-20 00:06:04 4324 [Note] mysqld: Shutdown complete

2014-06-20 00:06:19 7980 [Note] Plugin 'FEDERATED' is disabled.
2014-06-20 00:06:19 7980 [Note] InnoDB: The InnoDB memory heap is disabled
2014-06-20 00:06:19 7980 [Note] InnoDB: Mutexes and rw_locks use Windows interlocked functions
2014-06-20 00:06:19 7980 [Note] InnoDB: Compressed tables use zlib 1.2.3
2014-06-20 00:06:19 7980 [Note] InnoDB: Not using CPU crc32 instructions
2014-06-20 00:06:19 7980 [Note] InnoDB: Initializing buffer pool, size = 128.0M
2014-06-20 00:06:19 7980 [Note] InnoDB: Completed initialization of buffer pool
2014-06-20 00:06:19 7980 [Note] InnoDB: Highest supported file format is Barracuda.
2014-06-20 00:06:19 7980 [Note] InnoDB: The log sequence numbers 1626067 and 1626067 in ibdata files do not match the log sequence number 1626087 in the ib_logfiles!
2014-06-20 00:06:19 7980 [Note] InnoDB: Database was not shutdown normally!
2014-06-20 00:06:19 7980 [Note] InnoDB: Starting crash recovery.
2014-06-20 00:06:19 7980 [Note] InnoDB: Reading tablespace information from the .ibd files...
2014-06-20 00:06:19 7980 [Note] InnoDB: Restoring possible half-written data pages 
2014-06-20 00:06:19 7980 [Note] InnoDB: from the doublewrite buffer...
2014-06-20 00:06:19 7980 [Note] InnoDB: 128 rollback segment(s) are active.
2014-06-20 00:06:19 7980 [Note] InnoDB: Waiting for purge to start
2014-06-20 00:06:19 7980 [Note] InnoDB: 5.6.12 started; log sequence number 1626087
2014-06-20 00:06:19 7980 [Note] Server hostname (bind-address): '*'; port: 3308
2014-06-20 00:06:19 7980 [Note] IPv6 is available.
2014-06-20 00:06:19 7980 [Note]   - '::' resolves to '::';
2014-06-20 00:06:19 7980 [Note] Server socket created on IP: '::'.
2014-06-20 00:06:19 7980 [Note] Event Scheduler: Loaded 0 events
2014-06-20 00:06:19 7980 [Note] mysqld: ready for connections.
Version: '5.6.12'  socket: ''  port: 3308  MySQL Community Server (GPL)
2014-06-20 00:09:17 11088 [Note] Plugin 'FEDERATED' is disabled.
2014-06-20 00:09:17 11088 [Note] InnoDB: The InnoDB memory heap is disabled
2014-06-20 00:09:17 11088 [Note] InnoDB: Mutexes and rw_locks use Windows interlocked functions
2014-06-20 00:09:17 11088 [Note] InnoDB: Compressed tables use zlib 1.2.3
2014-06-20 00:09:17 11088 [Note] InnoDB: Not using CPU crc32 instructions
2014-06-20 00:09:17 11088 [Note] InnoDB: Initializing buffer pool, size = 128.0M
2014-06-20 00:09:17 11088 [Note] InnoDB: Completed initialization of buffer pool
2014-06-20 00:09:17 11088 [Note] InnoDB: Highest supported file format is Barracuda.
2014-06-20 00:09:17 11088 [Note] InnoDB: The log sequence numbers 1626067 and 1626067 in ibdata files do not match the log sequence number 1626097 in the ib_logfiles!
2014-06-20 00:09:17 11088 [Note] InnoDB: Database was not shutdown normally!
2014-06-20 00:09:17 11088 [Note] InnoDB: Starting crash recovery.
2014-06-20 00:09:17 11088 [Note] InnoDB: Reading tablespace information from the .ibd files...
2014-06-20 00:09:17 11088 [Note] InnoDB: Restoring possible half-written data pages 
2014-06-20 00:09:17 11088 [Note] InnoDB: from the doublewrite buffer...
2014-06-20 00:09:20 11088 [Note] InnoDB: 128 rollback segment(s) are active.
2014-06-20 00:09:20 11088 [Note] InnoDB: Waiting for purge to start
2014-06-20 00:09:20 11088 [Note] InnoDB: 5.6.12 started; log sequence number 1626097
2014-06-20 00:09:20 11088 [Note] Server hostname (bind-address): '*'; port: 3308
2014-06-20 00:09:20 11088 [Note] IPv6 is available.
2014-06-20 00:09:20 11088 [Note]   - '::' resolves to '::';
2014-06-20 00:09:20 11088 [Note] Server socket created on IP: '::'.
2014-06-20 00:09:20 11088 [Note] Event Scheduler: Loaded 0 events
2014-06-20 00:09:20 11088 [Note] mysqld: ready for connections.
Version: '5.6.12'  socket: ''  port: 3308  MySQL Community Server (GPL)
2014-06-20 00:13:54 10016 [Note] Plugin 'FEDERATED' is disabled.
2014-06-20 00:13:54 10016 [Note] InnoDB: The InnoDB memory heap is disabled
2014-06-20 00:13:54 10016 [Note] InnoDB: Mutexes and rw_locks use Windows interlocked functions
2014-06-20 00:13:54 10016 [Note] InnoDB: Compressed tables use zlib 1.2.3
2014-06-20 00:13:54 10016 [Note] InnoDB: Not using CPU crc32 instructions
2014-06-20 00:13:54 10016 [Note] InnoDB: Initializing buffer pool, size = 128.0M
2014-06-20 00:13:54 10016 [Note] InnoDB: Completed initialization of buffer pool
2014-06-20 00:13:55 10016 [Note] InnoDB: Highest supported file format is Barracuda.
2014-06-20 00:13:55 10016 [Note] InnoDB: The log sequence numbers 1626067 and 1626067 in ibdata files do not match the log sequence number 1626107 in the ib_logfiles!
2014-06-20 00:13:55 10016 [Note] InnoDB: Database was not shutdown normally!
2014-06-20 00:13:55 10016 [Note] InnoDB: Starting crash recovery.
2014-06-20 00:13:55 10016 [Note] InnoDB: Reading tablespace information from the .ibd files...
2014-06-20 00:13:55 10016 [Note] InnoDB: Restoring possible half-written data pages 
2014-06-20 00:13:55 10016 [Note] InnoDB: from the doublewrite buffer...
2014-06-20 00:13:55 10016 [Note] InnoDB: 128 rollback segment(s) are active.
2014-06-20 00:13:55 10016 [Note] InnoDB: Waiting for purge to start
2014-06-20 00:13:55 10016 [Note] InnoDB: 5.6.12 started; log sequence number 1626107
2014-06-20 00:13:55 10016 [Note] Server hostname (bind-address): '*'; port: 3308
2014-06-20 00:13:55 10016 [Note] IPv6 is available.
2014-06-20 00:13:55 10016 [Note]   - '::' resolves to '::';
2014-06-20 00:13:55 10016 [Note] Server socket created on IP: '::'.
2014-06-20 00:13:55 10016 [Note] Event Scheduler: Loaded 0 events
2014-06-20 00:13:55 10016 [Note] E:\vb\phpbrowserbox\support\mysql\bin\mysqld.exe: ready for connections.
Version: '5.6.12'  socket: ''  port: 3308  MySQL Community Server (GPL)
2014-06-20 00:35:32 5116 [Note] Plugin 'FEDERATED' is disabled.
2014-06-20 00:35:32 5116 [Note] InnoDB: The InnoDB memory heap is disabled
2014-06-20 00:35:32 5116 [Note] InnoDB: Mutexes and rw_locks use Windows interlocked functions
2014-06-20 00:35:32 5116 [Note] InnoDB: Compressed tables use zlib 1.2.3
2014-06-20 00:35:32 5116 [Note] InnoDB: Not using CPU crc32 instructions
2014-06-20 00:35:33 5116 [Note] InnoDB: Initializing buffer pool, size = 128.0M
2014-06-20 00:35:33 5116 [Note] InnoDB: Completed initialization of buffer pool
2014-06-20 00:35:33 5116 [Note] InnoDB: Highest supported file format is Barracuda.
2014-06-20 00:35:33 5116 [Note] InnoDB: The log sequence numbers 1626067 and 1626067 in ibdata files do not match the log sequence number 1626133 in the ib_logfiles!
2014-06-20 00:35:33 5116 [Note] InnoDB: Database was not shutdown normally!
2014-06-20 00:35:33 5116 [Note] InnoDB: Starting crash recovery.
2014-06-20 00:35:33 5116 [Note] InnoDB: Reading tablespace information from the .ibd files...
2014-06-20 00:35:33 5116 [Note] InnoDB: Restoring possible half-written data pages 
2014-06-20 00:35:33 5116 [Note] InnoDB: from the doublewrite buffer...
2014-06-20 00:35:34 5116 [Note] InnoDB: 128 rollback segment(s) are active.
2014-06-20 00:35:34 5116 [Note] InnoDB: Waiting for purge to start
2014-06-20 00:35:34 5116 [Note] InnoDB: 5.6.12 started; log sequence number 1626133
2014-06-20 00:35:34 5116 [Note] Server hostname (bind-address): '*'; port: 3308
2014-06-20 00:35:34 5116 [Note] IPv6 is available.
2014-06-20 00:35:34 5116 [Note]   - '::' resolves to '::';
2014-06-20 00:35:34 5116 [Note] Server socket created on IP: '::'.
2014-06-20 00:35:34 5116 [ERROR] Can't start server: Bind on TCP/IP port: No such file or directory
2014-06-20 00:35:34 5116 [ERROR] Do you already have another mysqld server running on port: 3308 ?
2014-06-20 00:35:34 5116 [ERROR] Aborting

2014-06-20 00:35:34 5116 [Note] Binlog end
2014-06-20 00:35:34 5116 [Note] Shutting down plugin 'partition'
2014-06-20 00:35:34 5116 [Note] Shutting down plugin 'PERFORMANCE_SCHEMA'
2014-06-20 00:35:34 5116 [Note] Shutting down plugin 'INNODB_SYS_DATAFILES'
2014-06-20 00:35:34 5116 [Note] Shutting down plugin 'INNODB_SYS_TABLESPACES'
2014-06-20 00:35:34 5116 [Note] Shutting down plugin 'INNODB_SYS_FOREIGN_COLS'
2014-06-20 00:35:34 5116 [Note] Shutting down plugin 'INNODB_SYS_FOREIGN'
2014-06-20 00:35:34 5116 [Note] Shutting down plugin 'INNODB_SYS_FIELDS'
2014-06-20 00:35:34 5116 [Note] Shutting down plugin 'INNODB_SYS_COLUMNS'
2014-06-20 00:35:34 5116 [Note] Shutting down plugin 'INNODB_SYS_INDEXES'
2014-06-20 00:35:34 5116 [Note] Shutting down plugin 'INNODB_SYS_TABLESTATS'
2014-06-20 00:35:34 5116 [Note] Shutting down plugin 'INNODB_SYS_TABLES'
2014-06-20 00:35:34 5116 [Note] Shutting down plugin 'INNODB_FT_INDEX_TABLE'
2014-06-20 00:35:34 5116 [Note] Shutting down plugin 'INNODB_FT_INDEX_CACHE'
2014-06-20 00:35:34 5116 [Note] Shutting down plugin 'INNODB_FT_CONFIG'
2014-06-20 00:35:34 5116 [Note] Shutting down plugin 'INNODB_FT_BEING_DELETED'
2014-06-20 00:35:34 5116 [Note] Shutting down plugin 'INNODB_FT_DELETED'
2014-06-20 00:35:34 5116 [Note] Shutting down plugin 'INNODB_FT_DEFAULT_STOPWORD'
2014-06-20 00:35:34 5116 [Note] Shutting down plugin 'INNODB_METRICS'
2014-06-20 00:35:34 5116 [Note] Shutting down plugin 'INNODB_BUFFER_POOL_STATS'
2014-06-20 00:35:34 5116 [Note] Shutting down plugin 'INNODB_BUFFER_PAGE_LRU'
2014-06-20 00:35:34 5116 [Note] Shutting down plugin 'INNODB_BUFFER_PAGE'
2014-06-20 00:35:34 5116 [Note] Shutting down plugin 'INNODB_CMP_PER_INDEX_RESET'
2014-06-20 00:35:34 5116 [Note] Shutting down plugin 'INNODB_CMP_PER_INDEX'
2014-06-20 00:35:34 5116 [Note] Shutting down plugin 'INNODB_CMPMEM_RESET'
2014-06-20 00:35:34 5116 [Note] Shutting down plugin 'INNODB_CMPMEM'
2014-06-20 00:35:34 5116 [Note] Shutting down plugin 'INNODB_CMP_RESET'
2014-06-20 00:35:34 5116 [Note] Shutting down plugin 'INNODB_CMP'
2014-06-20 00:35:34 5116 [Note] Shutting down plugin 'INNODB_LOCK_WAITS'
2014-06-20 00:35:34 5116 [Note] Shutting down plugin 'INNODB_LOCKS'
2014-06-20 00:35:34 5116 [Note] Shutting down plugin 'INNODB_TRX'
2014-06-20 00:35:34 5116 [Note] Shutting down plugin 'InnoDB'
2014-06-20 00:35:34 5116 [Note] InnoDB: FTS optimize thread exiting.
2014-06-20 00:35:34 5116 [Note] InnoDB: Starting shutdown...
2014-06-20 00:35:35 5116 [Note] InnoDB: Shutdown completed; log sequence number 1626143
2014-06-20 00:35:35 5116 [Note] Shutting down plugin 'BLACKHOLE'
2014-06-20 00:35:35 5116 [Note] Shutting down plugin 'ARCHIVE'
2014-06-20 00:35:35 5116 [Note] Shutting down plugin 'MRG_MYISAM'
2014-06-20 00:35:35 5116 [Note] Shutting down plugin 'MyISAM'
2014-06-20 00:35:35 5116 [Note] Shutting down plugin 'MEMORY'
2014-06-20 00:35:35 5116 [Note] Shutting down plugin 'CSV'
2014-06-20 00:35:35 5116 [Note] Shutting down plugin 'sha256_password'
2014-06-20 00:35:35 5116 [Note] Shutting down plugin 'mysql_old_password'
2014-06-20 00:35:35 5116 [Note] Shutting down plugin 'mysql_native_password'
2014-06-20 00:35:35 5116 [Note] Shutting down plugin 'binlog'
2014-06-20 00:35:35 5116 [Note] E:\vb\phpbrowserbox\support\mysql\bin\mysqld.exe: Shutdown complete

2014-06-20 00:36:28 10372 [Note] Plugin 'FEDERATED' is disabled.
2014-06-20 00:36:28 10372 [Note] InnoDB: The InnoDB memory heap is disabled
2014-06-20 00:36:28 10372 [Note] InnoDB: Mutexes and rw_locks use Windows interlocked functions
2014-06-20 00:36:28 10372 [Note] InnoDB: Compressed tables use zlib 1.2.3
2014-06-20 00:36:28 10372 [Note] InnoDB: Not using CPU crc32 instructions
2014-06-20 00:36:28 10372 [Note] InnoDB: Initializing buffer pool, size = 128.0M
2014-06-20 00:36:28 10372 [Note] InnoDB: Completed initialization of buffer pool
2014-06-20 00:36:28 10372 [Note] InnoDB: Highest supported file format is Barracuda.
2014-06-20 00:36:28 10372 [Note] InnoDB: 128 rollback segment(s) are active.
2014-06-20 00:36:28 10372 [Note] InnoDB: Waiting for purge to start
2014-06-20 00:36:28 10372 [Note] InnoDB: 5.6.12 started; log sequence number 1626143
2014-06-20 00:36:28 10372 [Note] Server hostname (bind-address): '*'; port: 3308
2014-06-20 00:36:28 10372 [Note] IPv6 is available.
2014-06-20 00:36:28 10372 [Note]   - '::' resolves to '::';
2014-06-20 00:36:28 10372 [Note] Server socket created on IP: '::'.
2014-06-20 00:36:28 10372 [Note] Event Scheduler: Loaded 0 events
2014-06-20 00:36:28 10372 [Note] E:\vb\phpbrowserbox\deploy\phpbrowser 2.0\support\mysql\bin\mysqld.exe: ready for connections.
Version: '5.6.12'  socket: ''  port: 3308  MySQL Community Server (GPL)
2014-06-20 00:53:52 8624 [Note] Plugin 'FEDERATED' is disabled.
2014-06-20 00:53:52 8624 [Note] InnoDB: The InnoDB memory heap is disabled
2014-06-20 00:53:52 8624 [Note] InnoDB: Mutexes and rw_locks use Windows interlocked functions
2014-06-20 00:53:52 8624 [Note] InnoDB: Compressed tables use zlib 1.2.3
2014-06-20 00:53:52 8624 [Note] InnoDB: Not using CPU crc32 instructions
2014-06-20 00:53:52 8624 [Note] InnoDB: Initializing buffer pool, size = 128.0M
2014-06-20 00:53:52 8624 [Note] InnoDB: Completed initialization of buffer pool
2014-06-20 00:53:52 8624 [Note] InnoDB: Highest supported file format is Barracuda.
2014-06-20 00:53:52 8624 [Note] InnoDB: The log sequence numbers 1626143 and 1626143 in ibdata files do not match the log sequence number 1626153 in the ib_logfiles!
2014-06-20 00:53:52 8624 [Note] InnoDB: Database was not shutdown normally!
2014-06-20 00:53:52 8624 [Note] InnoDB: Starting crash recovery.
2014-06-20 00:53:52 8624 [Note] InnoDB: Reading tablespace information from the .ibd files...
2014-06-20 00:53:52 8624 [Note] InnoDB: Restoring possible half-written data pages 
2014-06-20 00:53:52 8624 [Note] InnoDB: from the doublewrite buffer...
2014-06-20 00:53:53 8624 [Note] InnoDB: 128 rollback segment(s) are active.
2014-06-20 00:53:53 8624 [Note] InnoDB: Waiting for purge to start
2014-06-20 00:53:53 8624 [Note] InnoDB: 5.6.12 started; log sequence number 1626153
2014-06-20 00:53:53 8624 [Note] Server hostname (bind-address): '*'; port: 3308
2014-06-20 00:53:53 8624 [Note] IPv6 is available.
2014-06-20 00:53:53 8624 [Note]   - '::' resolves to '::';
2014-06-20 00:53:53 8624 [Note] Server socket created on IP: '::'.
2014-06-20 00:53:53 8624 [Note] Event Scheduler: Loaded 0 events
2014-06-20 00:53:53 8624 [Note] E:\vb\phpbrowserbox\deploy\phpbrowser 2.1\support\mysql\bin\mysqld.exe: ready for connections.
Version: '5.6.12'  socket: ''  port: 3308  MySQL Community Server (GPL)
2014-06-20 00:56:28 10932 [Note] Plugin 'FEDERATED' is disabled.
2014-06-20 00:56:28 10932 [Note] InnoDB: The InnoDB memory heap is disabled
2014-06-20 00:56:28 10932 [Note] InnoDB: Mutexes and rw_locks use Windows interlocked functions
2014-06-20 00:56:28 10932 [Note] InnoDB: Compressed tables use zlib 1.2.3
2014-06-20 00:56:28 10932 [Note] InnoDB: Not using CPU crc32 instructions
2014-06-20 00:56:28 10932 [Note] InnoDB: Initializing buffer pool, size = 128.0M
2014-06-20 00:56:28 10932 [Note] InnoDB: Completed initialization of buffer pool
2014-06-20 00:56:29 10932 [Note] InnoDB: Highest supported file format is Barracuda.
2014-06-20 00:56:29 10932 [Note] InnoDB: The log sequence numbers 1626143 and 1626143 in ibdata files do not match the log sequence number 1626163 in the ib_logfiles!
2014-06-20 00:56:29 10932 [Note] InnoDB: Database was not shutdown normally!
2014-06-20 00:56:29 10932 [Note] InnoDB: Starting crash recovery.
2014-06-20 00:56:29 10932 [Note] InnoDB: Reading tablespace information from the .ibd files...
2014-06-20 00:56:29 10932 [Note] InnoDB: Restoring possible half-written data pages 
2014-06-20 00:56:29 10932 [Note] InnoDB: from the doublewrite buffer...
2014-06-20 00:56:29 10932 [Note] InnoDB: 128 rollback segment(s) are active.
2014-06-20 00:56:29 10932 [Note] InnoDB: Waiting for purge to start
2014-06-20 00:56:29 10932 [Note] InnoDB: 5.6.12 started; log sequence number 1626163
2014-06-20 00:56:29 10932 [Note] Server hostname (bind-address): '*'; port: 3308
2014-06-20 00:56:29 10932 [Note] IPv6 is available.
2014-06-20 00:56:29 10932 [Note]   - '::' resolves to '::';
2014-06-20 00:56:29 10932 [Note] Server socket created on IP: '::'.
2014-06-20 00:56:29 10932 [Note] Event Scheduler: Loaded 0 events
2014-06-20 00:56:29 10932 [Note] E:\vb\phpbrowserbox\deploy\phpbrowser 3.0\support\mysql\bin\mysqld.exe: ready for connections.
Version: '5.6.12'  socket: ''  port: 3308  MySQL Community Server (GPL)
